2023-05-30 18:16:24,212:INFO:PyCaret Supervised Module
2023-05-30 18:16:24,213:INFO:ML Usecase: classification
2023-05-30 18:16:24,213:INFO:version 2.3.10
2023-05-30 18:16:24,214:INFO:Initializing setup()
2023-05-30 18:16:24,214:INFO:setup(target=made_purchase, ml_usecase=classification, available_plots={'parameter': 'Hyperparameters', 'auc': 'AUC', 'confusion_matrix': 'Confusion Matrix', 'threshold': 'Threshold', 'pr': 'Precision Recall', 'error': 'Prediction Error', 'class_report': 'Class Report', 'rfe': 'Feature Selection', 'learning': 'Learning Curve', 'manifold': 'Manifold Learning', 'calibration': 'Calibration Curve', 'vc': 'Validation Curve', 'dimension': 'Dimensions', 'feature': 'Feature Importance', 'feature_all': 'Feature Importance (All)', 'boundary': 'Decision Boundary', 'lift': 'Lift Chart', 'gain': 'Gain Chart', 'tree': 'Decision Tree', 'ks': 'KS Statistic Plot'}, train_size=0.8, test_data=None, preprocess=True, imputation_type=simple, iterative_imputation_iters=5, categorical_features=None, categorical_imputation=constant, categorical_iterative_imputer=lightgbm, ordinal_features=None, high_cardinality_features=None, high_cardinality_method=frequency, numeric_features=None, numeric_imputation=mean, numeric_iterative_imputer=lightgbm, date_features=None, ignore_features=None, normalize=False, normalize_method=zscore, transformation=False, transformation_method=yeo-johnson, handle_unknown_categorical=True, unknown_categorical_method=least_frequent, pca=False, pca_method=linear, pca_components=None, ignore_low_variance=False, combine_rare_levels=False, rare_level_threshold=0.1, bin_numeric_features=None, remove_outliers=False, outliers_threshold=0.05, remove_multicollinearity=False, multicollinearity_threshold=0.9, remove_perfect_collinearity=True, create_clusters=False, cluster_iter=20, polynomial_features=False, polynomial_degree=2, trigonometry_features=False, polynomial_threshold=0.1, group_features=None, group_names=None, feature_selection=False, feature_selection_threshold=0.8, feature_selection_method=classic, feature_interaction=False, feature_ratio=False, interaction_threshold=0.01, fix_imbalance=False, fix_imbalance_method=None, transform_target=False, transform_target_method=box-cox, data_split_shuffle=True, data_split_stratify=False, fold_strategy=stratifiedkfold, fold=10, fold_shuffle=False, fold_groups=None, n_jobs=-1, use_gpu=False, custom_pipeline=None, html=True, session_id=123, log_experiment=False, experiment_name=None, experiment_custom_tags=None, log_plots=False, log_profile=False, log_data=False, silent=False, verbose=True, profile=False, profile_kwargs=None, display=None)
2023-05-30 18:16:24,214:INFO:Checking environment
2023-05-30 18:16:24,214:INFO:python_version: 3.7.1
2023-05-30 18:16:24,215:INFO:python_build: ('default', 'Dec 10 2018 22:54:23')
2023-05-30 18:16:24,215:INFO:machine: AMD64
2023-05-30 18:16:24,215:INFO:platform: Windows-10-10.0.22621-SP0
2023-05-30 18:16:24,218:INFO:Memory: svmem(total=34195693568, available=24754245632, percent=27.6, used=9441447936, free=24754245632)
2023-05-30 18:16:24,218:INFO:Physical Core: 6
2023-05-30 18:16:24,219:INFO:Logical Core: 12
2023-05-30 18:16:24,219:INFO:Checking libraries
2023-05-30 18:16:24,219:INFO:pd==1.1.5
2023-05-30 18:16:24,219:INFO:numpy==1.19.5
2023-05-30 18:16:24,219:INFO:sklearn==0.23.2
2023-05-30 18:16:24,219:INFO:lightgbm==3.3.5
2023-05-30 18:16:24,936:INFO:catboost==1.1.1
2023-05-30 18:16:24,938:INFO:xgboost==1.6.2
2023-05-30 18:16:24,938:INFO:mlflow==1.28.0
2023-05-30 18:16:24,938:INFO:Checking Exceptions
2023-05-30 18:16:24,938:INFO:Declaring global variables
2023-05-30 18:16:24,938:INFO:USI: 3f52
2023-05-30 18:16:24,938:INFO:pycaret_globals: {'X', 'seed', '_ml_usecase', '_all_models', 'stratify_param', 'X_test', 'display_container', 'gpu_param', 'html_param', 'prep_pipe', 'data_before_preprocess', 'fold_groups_param', 'fold_groups_param_full', 'experiment__', 'fold_generator', 'y_train', '_internal_pipeline', '_available_plots', 'fix_imbalance_method_param', 'log_plots_param', 'n_jobs_param', 'USI', 'logging_param', 'imputation_classifier', '_gpu_n_jobs_param', 'fix_imbalance_param', 'y', 'transform_target_method_param', '_all_models_internal', 'imputation_regressor', 'transform_target_param', 'target_param', 'fold_shuffle_param', 'X_train', '_all_metrics', 'y_test', 'fold_param', 'master_model_container', 'iterative_imputation_iters_param', 'pycaret_globals', 'dashboard_logger', 'exp_name_log', 'create_model_container'}
2023-05-30 18:16:24,938:INFO:Preparing display monitor
2023-05-30 18:16:24,938:INFO:Preparing display monitor
2023-05-30 18:16:24,950:INFO:Importing libraries
2023-05-30 18:16:24,950:INFO:Copying data for preprocessing
2023-05-30 18:16:24,959:INFO:Declaring preprocessing parameters
2023-05-30 18:16:24,960:INFO:Creating preprocessing pipeline
2023-05-30 18:16:24,971:INFO:Preprocessing pipeline created successfully
2023-05-30 18:16:24,971:ERROR:(Process Exit): setup has been interupted with user command 'quit'. setup must rerun.
2023-05-30 18:16:24,972:INFO:Creating global containers
2023-05-30 18:16:24,974:INFO:Internal pipeline: Pipeline(memory=None, steps=[('empty_step', 'passthrough')], verbose=False)
2023-05-30 18:18:00,300:INFO:PyCaret Supervised Module
2023-05-30 18:18:00,301:INFO:ML Usecase: classification
2023-05-30 18:18:00,302:INFO:version 2.3.10
2023-05-30 18:18:00,302:INFO:Initializing setup()
2023-05-30 18:18:00,302:INFO:setup(target=made_purchase, ml_usecase=classification, available_plots={'parameter': 'Hyperparameters', 'auc': 'AUC', 'confusion_matrix': 'Confusion Matrix', 'threshold': 'Threshold', 'pr': 'Precision Recall', 'error': 'Prediction Error', 'class_report': 'Class Report', 'rfe': 'Feature Selection', 'learning': 'Learning Curve', 'manifold': 'Manifold Learning', 'calibration': 'Calibration Curve', 'vc': 'Validation Curve', 'dimension': 'Dimensions', 'feature': 'Feature Importance', 'feature_all': 'Feature Importance (All)', 'boundary': 'Decision Boundary', 'lift': 'Lift Chart', 'gain': 'Gain Chart', 'tree': 'Decision Tree', 'ks': 'KS Statistic Plot'}, train_size=0.8, test_data=None, preprocess=True, imputation_type=simple, iterative_imputation_iters=5, categorical_features=None, categorical_imputation=constant, categorical_iterative_imputer=lightgbm, ordinal_features=None, high_cardinality_features=None, high_cardinality_method=frequency, numeric_features=None, numeric_imputation=mean, numeric_iterative_imputer=lightgbm, date_features=None, ignore_features=None, normalize=False, normalize_method=zscore, transformation=False, transformation_method=yeo-johnson, handle_unknown_categorical=True, unknown_categorical_method=least_frequent, pca=False, pca_method=linear, pca_components=None, ignore_low_variance=False, combine_rare_levels=False, rare_level_threshold=0.1, bin_numeric_features=None, remove_outliers=False, outliers_threshold=0.05, remove_multicollinearity=False, multicollinearity_threshold=0.9, remove_perfect_collinearity=True, create_clusters=False, cluster_iter=20, polynomial_features=False, polynomial_degree=2, trigonometry_features=False, polynomial_threshold=0.1, group_features=None, group_names=None, feature_selection=False, feature_selection_threshold=0.8, feature_selection_method=classic, feature_interaction=False, feature_ratio=False, interaction_threshold=0.01, fix_imbalance=False, fix_imbalance_method=None, transform_target=False, transform_target_method=box-cox, data_split_shuffle=True, data_split_stratify=False, fold_strategy=stratifiedkfold, fold=10, fold_shuffle=False, fold_groups=None, n_jobs=-1, use_gpu=False, custom_pipeline=None, html=True, session_id=123, log_experiment=False, experiment_name=None, experiment_custom_tags=None, log_plots=False, log_profile=False, log_data=False, silent=False, verbose=True, profile=False, profile_kwargs=None, display=None)
2023-05-30 18:18:00,302:INFO:Checking environment
2023-05-30 18:18:00,303:INFO:python_version: 3.7.1
2023-05-30 18:18:00,303:INFO:python_build: ('default', 'Dec 10 2018 22:54:23')
2023-05-30 18:18:00,303:INFO:machine: AMD64
2023-05-30 18:18:00,303:INFO:platform: Windows-10-10.0.22621-SP0
2023-05-30 18:18:00,306:INFO:Memory: svmem(total=34195693568, available=24858161152, percent=27.3, used=9337532416, free=24858161152)
2023-05-30 18:18:00,306:INFO:Physical Core: 6
2023-05-30 18:18:00,307:INFO:Logical Core: 12
2023-05-30 18:18:00,307:INFO:Checking libraries
2023-05-30 18:18:00,307:INFO:pd==1.1.5
2023-05-30 18:18:00,307:INFO:numpy==1.19.5
2023-05-30 18:18:00,307:INFO:sklearn==0.23.2
2023-05-30 18:18:00,307:INFO:lightgbm==3.3.5
2023-05-30 18:18:00,307:INFO:catboost==1.1.1
2023-05-30 18:18:00,307:INFO:xgboost==1.6.2
2023-05-30 18:18:00,307:INFO:mlflow==1.28.0
2023-05-30 18:18:00,307:INFO:Checking Exceptions
2023-05-30 18:18:00,307:INFO:Declaring global variables
2023-05-30 18:18:00,307:INFO:USI: 8352
2023-05-30 18:18:00,308:INFO:pycaret_globals: {'X', 'seed', '_ml_usecase', '_all_models', 'stratify_param', 'X_test', 'display_container', 'gpu_param', 'html_param', 'prep_pipe', 'data_before_preprocess', 'fold_groups_param', 'fold_groups_param_full', 'experiment__', 'fold_generator', 'y_train', '_internal_pipeline', '_available_plots', 'fix_imbalance_method_param', 'log_plots_param', 'n_jobs_param', 'USI', 'logging_param', 'imputation_classifier', '_gpu_n_jobs_param', 'fix_imbalance_param', 'y', 'transform_target_method_param', '_all_models_internal', 'imputation_regressor', 'transform_target_param', 'target_param', 'fold_shuffle_param', 'X_train', '_all_metrics', 'y_test', 'fold_param', 'master_model_container', 'iterative_imputation_iters_param', 'pycaret_globals', 'dashboard_logger', 'exp_name_log', 'create_model_container'}
2023-05-30 18:18:00,308:INFO:Preparing display monitor
2023-05-30 18:18:00,308:INFO:Preparing display monitor
2023-05-30 18:18:00,316:INFO:Importing libraries
2023-05-30 18:18:00,317:INFO:Copying data for preprocessing
2023-05-30 18:18:00,329:INFO:Declaring preprocessing parameters
2023-05-30 18:18:00,332:INFO:Creating preprocessing pipeline
2023-05-30 18:18:00,344:INFO:Preprocessing pipeline created successfully
2023-05-30 18:18:00,344:ERROR:(Process Exit): setup has been interupted with user command 'quit'. setup must rerun.
2023-05-30 18:18:00,345:INFO:Creating global containers
2023-05-30 18:18:00,345:INFO:Internal pipeline: Pipeline(memory=None, steps=[('empty_step', 'passthrough')], verbose=False)
2023-05-30 18:19:31,500:INFO:Creating grid variables
2023-05-30 18:19:31,518:INFO:create_model_container: 0
2023-05-30 18:19:31,518:INFO:master_model_container: 0
2023-05-30 18:19:31,518:INFO:display_container: 1
2023-05-30 18:19:31,523:INFO:Pipeline(memory=None,
         steps=[('dtypes',
                 DataTypes_Auto_infer(categorical_features=[],
                                      display_types=True, features_todrop=[],
                                      id_columns=[],
                                      ml_usecase='classification',
                                      numerical_features=[],
                                      target='made_purchase',
                                      time_features=[])),
                ('imputer',
                 Simple_Imputer(categorical_strategy='not_available',
                                fill_value_categorical=None,
                                fill_value_numerical=None,
                                numeri...
                ('scaling', 'passthrough'), ('P_transform', 'passthrough'),
                ('binn', 'passthrough'), ('rem_outliers', 'passthrough'),
                ('cluster_all', 'passthrough'),
                ('dummy', Dummify(target='made_purchase')),
                ('fix_perfect', Remove_100(target='made_purchase')),
                ('clean_names', Clean_Colum_Names()),
                ('feature_select', 'passthrough'), ('fix_multi', 'passthrough'),
                ('dfs', 'passthrough'), ('pca', 'passthrough')],
         verbose=False)
2023-05-30 18:19:31,524:INFO:setup() succesfully completed......................................
2023-05-30 18:22:49,931:INFO:PyCaret Supervised Module
2023-05-30 18:22:49,932:INFO:ML Usecase: classification
2023-05-30 18:22:49,932:INFO:version 2.3.10
2023-05-30 18:22:49,932:INFO:Initializing setup()
2023-05-30 18:22:49,932:INFO:setup(target=made_purchase, ml_usecase=classification, available_plots={'parameter': 'Hyperparameters', 'auc': 'AUC', 'confusion_matrix': 'Confusion Matrix', 'threshold': 'Threshold', 'pr': 'Precision Recall', 'error': 'Prediction Error', 'class_report': 'Class Report', 'rfe': 'Feature Selection', 'learning': 'Learning Curve', 'manifold': 'Manifold Learning', 'calibration': 'Calibration Curve', 'vc': 'Validation Curve', 'dimension': 'Dimensions', 'feature': 'Feature Importance', 'feature_all': 'Feature Importance (All)', 'boundary': 'Decision Boundary', 'lift': 'Lift Chart', 'gain': 'Gain Chart', 'tree': 'Decision Tree', 'ks': 'KS Statistic Plot'}, train_size=0.8, test_data=None, preprocess=True, imputation_type=simple, iterative_imputation_iters=5, categorical_features=None, categorical_imputation=constant, categorical_iterative_imputer=lightgbm, ordinal_features=None, high_cardinality_features=None, high_cardinality_method=frequency, numeric_features=None, numeric_imputation=mean, numeric_iterative_imputer=lightgbm, date_features=None, ignore_features=None, normalize=False, normalize_method=zscore, transformation=False, transformation_method=yeo-johnson, handle_unknown_categorical=True, unknown_categorical_method=least_frequent, pca=False, pca_method=linear, pca_components=None, ignore_low_variance=False, combine_rare_levels=False, rare_level_threshold=0.1, bin_numeric_features=None, remove_outliers=False, outliers_threshold=0.05, remove_multicollinearity=False, multicollinearity_threshold=0.9, remove_perfect_collinearity=True, create_clusters=False, cluster_iter=20, polynomial_features=False, polynomial_degree=2, trigonometry_features=False, polynomial_threshold=0.1, group_features=None, group_names=None, feature_selection=False, feature_selection_threshold=0.8, feature_selection_method=classic, feature_interaction=False, feature_ratio=False, interaction_threshold=0.01, fix_imbalance=False, fix_imbalance_method=None, transform_target=False, transform_target_method=box-cox, data_split_shuffle=True, data_split_stratify=False, fold_strategy=stratifiedkfold, fold=10, fold_shuffle=False, fold_groups=None, n_jobs=-1, use_gpu=False, custom_pipeline=None, html=True, session_id=123, log_experiment=False, experiment_name=None, experiment_custom_tags=None, log_plots=False, log_profile=False, log_data=False, silent=False, verbose=True, profile=False, profile_kwargs=None, display=None)
2023-05-30 18:22:49,932:INFO:Checking environment
2023-05-30 18:22:49,932:INFO:python_version: 3.7.1
2023-05-30 18:22:49,932:INFO:python_build: ('default', 'Dec 10 2018 22:54:23')
2023-05-30 18:22:49,932:INFO:machine: AMD64
2023-05-30 18:22:49,932:INFO:platform: Windows-10-10.0.22621-SP0
2023-05-30 18:22:49,935:INFO:Memory: svmem(total=34195693568, available=25120616448, percent=26.5, used=9075077120, free=25120616448)
2023-05-30 18:22:49,936:INFO:Physical Core: 6
2023-05-30 18:22:49,936:INFO:Logical Core: 12
2023-05-30 18:22:49,936:INFO:Checking libraries
2023-05-30 18:22:49,936:INFO:pd==1.1.5
2023-05-30 18:22:49,936:INFO:numpy==1.19.5
2023-05-30 18:22:49,936:INFO:sklearn==0.23.2
2023-05-30 18:22:49,936:INFO:lightgbm==3.3.5
2023-05-30 18:22:50,060:INFO:catboost==1.1.1
2023-05-30 18:22:50,060:INFO:xgboost==1.6.2
2023-05-30 18:22:50,060:INFO:mlflow==1.28.0
2023-05-30 18:22:50,060:INFO:Checking Exceptions
2023-05-30 18:22:50,060:INFO:Declaring global variables
2023-05-30 18:22:50,060:INFO:USI: 139d
2023-05-30 18:22:50,060:INFO:pycaret_globals: {'target_param', 'fix_imbalance_param', 'fold_shuffle_param', '_available_plots', '_gpu_n_jobs_param', 'y_train', 'dashboard_logger', 'n_jobs_param', 'master_model_container', 'log_plots_param', 'transform_target_param', 'stratify_param', 'seed', 'imputation_classifier', 'USI', 'X', 'imputation_regressor', '_internal_pipeline', 'y', 'pycaret_globals', 'X_test', '_all_metrics', 'html_param', 'data_before_preprocess', 'exp_name_log', '_all_models_internal', 'fix_imbalance_method_param', 'experiment__', 'logging_param', 'fold_groups_param_full', 'gpu_param', 'fold_param', 'fold_groups_param', '_all_models', '_ml_usecase', 'transform_target_method_param', 'iterative_imputation_iters_param', 'display_container', 'y_test', 'X_train', 'create_model_container', 'fold_generator', 'prep_pipe'}
2023-05-30 18:22:50,060:INFO:Preparing display monitor
2023-05-30 18:22:50,060:INFO:Preparing display monitor
2023-05-30 18:22:50,073:INFO:Importing libraries
2023-05-30 18:22:50,073:INFO:Copying data for preprocessing
2023-05-30 18:22:50,081:INFO:Declaring preprocessing parameters
2023-05-30 18:22:50,083:INFO:Creating preprocessing pipeline
2023-05-30 18:22:50,090:INFO:Preprocessing pipeline created successfully
2023-05-30 18:22:50,091:ERROR:(Process Exit): setup has been interupted with user command 'quit'. setup must rerun.
2023-05-30 18:22:50,091:INFO:Creating global containers
2023-05-30 18:22:50,092:INFO:Internal pipeline: Pipeline(memory=None, steps=[('empty_step', 'passthrough')], verbose=False)
2023-05-30 18:22:54,670:INFO:Creating grid variables
2023-05-30 18:22:54,688:INFO:create_model_container: 0
2023-05-30 18:22:54,688:INFO:master_model_container: 0
2023-05-30 18:22:54,688:INFO:display_container: 1
2023-05-30 18:22:54,692:INFO:Pipeline(memory=None,
         steps=[('dtypes',
                 DataTypes_Auto_infer(categorical_features=[],
                                      display_types=True, features_todrop=[],
                                      id_columns=[],
                                      ml_usecase='classification',
                                      numerical_features=[],
                                      target='made_purchase',
                                      time_features=[])),
                ('imputer',
                 Simple_Imputer(categorical_strategy='not_available',
                                fill_value_categorical=None,
                                fill_value_numerical=None,
                                numeri...
                ('scaling', 'passthrough'), ('P_transform', 'passthrough'),
                ('binn', 'passthrough'), ('rem_outliers', 'passthrough'),
                ('cluster_all', 'passthrough'),
                ('dummy', Dummify(target='made_purchase')),
                ('fix_perfect', Remove_100(target='made_purchase')),
                ('clean_names', Clean_Colum_Names()),
                ('feature_select', 'passthrough'), ('fix_multi', 'passthrough'),
                ('dfs', 'passthrough'), ('pca', 'passthrough')],
         verbose=False)
2023-05-30 18:22:54,692:INFO:setup() succesfully completed......................................
2023-05-30 18:22:54,781:INFO:Initializing create_model()
2023-05-30 18:22:54,781:INFO:create_model(estimator=xgboost, fold=None, round=4, cross_validation=True, predict=True, fit_kwargs=None, groups=None, refit=True, verbose=True, system=True, metrics=None, experiment_custom_tags=None, add_to_model_list=True, probability_threshold=None, display=None, return_train_score=False, kwargs={})
2023-05-30 18:22:54,781:INFO:Checking exceptions
2023-05-30 18:22:54,782:INFO:Preparing display monitor
2023-05-30 18:22:54,799:INFO:Importing libraries
2023-05-30 18:22:54,800:INFO:Copying training dataset
2023-05-30 18:22:54,802:INFO:Defining folds
2023-05-30 18:22:54,803:INFO:Declaring metric variables
2023-05-30 18:22:54,810:INFO:Importing untrained model
2023-05-30 18:22:54,820:INFO:Extreme Gradient Boosting Imported succesfully
2023-05-30 18:22:54,838:INFO:Starting cross validation
2023-05-30 18:22:54,840:INFO:Cross validating with StratifiedKFold(n_splits=10, random_state=None, shuffle=False), n_jobs=-1
2023-05-30 18:23:22,809:INFO:Calculating mean and std
2023-05-30 18:23:22,810:INFO:Creating metrics dataframe
2023-05-30 18:23:22,826:INFO:Finalizing model
2023-05-30 18:23:25,973:INFO:Uploading results into container
2023-05-30 18:23:25,973:INFO:Uploading model into container now
2023-05-30 18:23:26,003:INFO:create_model_container: 1
2023-05-30 18:23:26,003:INFO:master_model_container: 1
2023-05-30 18:23:26,004:INFO:display_container: 2
2023-05-30 18:23:26,009:INFO:XGBClassifier(base_score=0.5, booster='gbtree', callbacks=None,
              colsample_bylevel=1, colsample_bynode=1, colsample_bytree=1,
              early_stopping_rounds=None, enable_categorical=False,
              eval_metric=None, gamma=0, gpu_id=-1, grow_policy='depthwise',
              importance_type=None, interaction_constraints='',
              learning_rate=0.300000012, max_bin=256, max_cat_to_onehot=4,
              max_delta_step=0, max_depth=6, max_leaves=0, min_child_weight=1,
              missing=nan, monotone_constraints='()', n_estimators=100,
              n_jobs=-1, num_parallel_tree=1, objective='binary:logistic',
              predictor='auto', random_state=123, reg_alpha=0, ...)
2023-05-30 18:23:26,010:INFO:create_model() succesfully completed......................................
2023-05-30 18:27:03,203:INFO:Initializing finalize_model()
2023-05-30 18:27:03,204:INFO:finalize_model(estimator=XGBClassifier(base_score=0.5, booster='gbtree', callbacks=None,
              colsample_bylevel=1, colsample_bynode=1, colsample_bytree=1,
              early_stopping_rounds=None, enable_categorical=False,
              eval_metric=None, gamma=0, gpu_id=-1, grow_policy='depthwise',
              importance_type=None, interaction_constraints='',
              learning_rate=0.300000012, max_bin=256, max_cat_to_onehot=4,
              max_delta_step=0, max_depth=6, max_leaves=0, min_child_weight=1,
              missing=nan, monotone_constraints='()', n_estimators=100,
              n_jobs=-1, num_parallel_tree=1, objective='binary:logistic',
              predictor='auto', random_state=123, reg_alpha=0, ...), fit_kwargs=None, groups=None, model_only=True, display=None, experiment_custom_tags=None, return_train_score=False)
2023-05-30 18:27:03,207:INFO:Finalizing XGBClassifier(base_score=0.5, booster='gbtree', callbacks=None,
              colsample_bylevel=1, colsample_bynode=1, colsample_bytree=1,
              early_stopping_rounds=None, enable_categorical=False,
              eval_metric=None, gamma=0, gpu_id=-1, grow_policy='depthwise',
              importance_type=None, interaction_constraints='',
              learning_rate=0.300000012, max_bin=256, max_cat_to_onehot=4,
              max_delta_step=0, max_depth=6, max_leaves=0, min_child_weight=1,
              missing=nan, monotone_constraints='()', n_estimators=100,
              n_jobs=-1, num_parallel_tree=1, objective='binary:logistic',
              predictor='auto', random_state=123, reg_alpha=0, ...)
2023-05-30 18:27:03,210:INFO:Initializing create_model()
2023-05-30 18:27:03,211:INFO:create_model(estimator=XGBClassifier(base_score=0.5, booster='gbtree', callbacks=None,
              colsample_bylevel=1, colsample_bynode=1, colsample_bytree=1,
              early_stopping_rounds=None, enable_categorical=False,
              eval_metric=None, gamma=0, gpu_id=-1, grow_policy='depthwise',
              importance_type=None, interaction_constraints='',
              learning_rate=0.300000012, max_bin=256, max_cat_to_onehot=4,
              max_delta_step=0, max_depth=6, max_leaves=0, min_child_weight=1,
              missing=nan, monotone_constraints='()', n_estimators=100,
              n_jobs=-1, num_parallel_tree=1, objective='binary:logistic',
              predictor='auto', random_state=123, reg_alpha=0, ...), fold=None, round=4, cross_validation=True, predict=True, fit_kwargs={}, groups=None, refit=True, verbose=False, system=False, metrics=None, experiment_custom_tags=None, add_to_model_list=False, probability_threshold=None, display=None, return_train_score=False, kwargs={})
2023-05-30 18:27:03,211:INFO:Checking exceptions
2023-05-30 18:27:03,211:INFO:Importing libraries
2023-05-30 18:27:03,211:INFO:Copying training dataset
2023-05-30 18:27:03,216:INFO:Defining folds
2023-05-30 18:27:03,217:INFO:Declaring metric variables
2023-05-30 18:27:03,217:INFO:Importing untrained model
2023-05-30 18:27:03,217:INFO:Declaring custom model
2023-05-30 18:27:03,220:INFO:Extreme Gradient Boosting Imported succesfully
2023-05-30 18:27:03,220:INFO:Starting cross validation
2023-05-30 18:27:03,222:INFO:Cross validating with StratifiedKFold(n_splits=10, random_state=None, shuffle=False), n_jobs=-1
2023-05-30 18:27:30,355:INFO:Calculating mean and std
2023-05-30 18:27:30,355:INFO:Creating metrics dataframe
2023-05-30 18:27:30,359:INFO:Finalizing model
2023-05-30 18:27:32,943:INFO:create_model_container: 1
2023-05-30 18:27:32,944:INFO:master_model_container: 1
2023-05-30 18:27:32,944:INFO:display_container: 3
2023-05-30 18:27:32,948:INFO:XGBClassifier(base_score=0.5, booster='gbtree', callbacks=None,
              colsample_bylevel=1, colsample_bynode=1, colsample_bytree=1,
              early_stopping_rounds=None, enable_categorical=False,
              eval_metric=None, gamma=0, gpu_id=-1, grow_policy='depthwise',
              importance_type=None, interaction_constraints='',
              learning_rate=0.300000012, max_bin=256, max_cat_to_onehot=4,
              max_delta_step=0, max_depth=6, max_leaves=0, min_child_weight=1,
              missing=nan, monotone_constraints='()', n_estimators=100,
              n_jobs=-1, num_parallel_tree=1, objective='binary:logistic',
              predictor='auto', random_state=123, reg_alpha=0, ...)
2023-05-30 18:27:32,948:INFO:create_model() succesfully completed......................................
2023-05-30 18:27:33,051:INFO:create_model_container: 1
2023-05-30 18:27:33,051:INFO:master_model_container: 1
2023-05-30 18:27:33,051:INFO:display_container: 2
2023-05-30 18:27:33,054:INFO:XGBClassifier(base_score=0.5, booster='gbtree', callbacks=None,
              colsample_bylevel=1, colsample_bynode=1, colsample_bytree=1,
              early_stopping_rounds=None, enable_categorical=False,
              eval_metric=None, gamma=0, gpu_id=-1, grow_policy='depthwise',
              importance_type=None, interaction_constraints='',
              learning_rate=0.300000012, max_bin=256, max_cat_to_onehot=4,
              max_delta_step=0, max_depth=6, max_leaves=0, min_child_weight=1,
              missing=nan, monotone_constraints='()', n_estimators=100,
              n_jobs=-1, num_parallel_tree=1, objective='binary:logistic',
              predictor='auto', random_state=123, reg_alpha=0, ...)
2023-05-30 18:27:33,054:INFO:finalize_model() succesfully completed......................................
2023-05-30 18:32:15,374:INFO:Initializing predict_model()
2023-05-30 18:32:15,374:INFO:predict_model(estimator=XGBClassifier(base_score=0.5, booster='gbtree', callbacks=None,
              colsample_bylevel=1, colsample_bynode=1, colsample_bytree=1,
              early_stopping_rounds=None, enable_categorical=False,
              eval_metric=None, gamma=0, gpu_id=-1, grow_policy='depthwise',
              importance_type=None, interaction_constraints='',
              learning_rate=0.300000012, max_bin=256, max_cat_to_onehot=4,
              max_delta_step=0, max_depth=6, max_leaves=0, min_child_weight=1,
              missing=nan, monotone_constraints='()', n_estimators=100,
              n_jobs=-1, num_parallel_tree=1, objective='binary:logistic',
              predictor='auto', random_state=123, reg_alpha=0, ...), probability_threshold=None, encoded_labels=False, drift_report=False, raw_score=False, round=4, verbose=True, ml_usecase=MLUsecase.CLASSIFICATION, display=None, drift_kwargs=None)
2023-05-30 18:32:15,375:INFO:Checking exceptions
2023-05-30 18:32:15,375:INFO:Preloading libraries
2023-05-30 18:32:15,375:INFO:Preparing display monitor
2023-05-30 18:33:00,951:INFO:Initializing predict_model()
2023-05-30 18:33:00,952:INFO:predict_model(estimator=XGBClassifier(base_score=0.5, booster='gbtree', callbacks=None,
              colsample_bylevel=1, colsample_bynode=1, colsample_bytree=1,
              early_stopping_rounds=None, enable_categorical=False,
              eval_metric=None, gamma=0, gpu_id=-1, grow_policy='depthwise',
              importance_type=None, interaction_constraints='',
              learning_rate=0.300000012, max_bin=256, max_cat_to_onehot=4,
              max_delta_step=0, max_depth=6, max_leaves=0, min_child_weight=1,
              missing=nan, monotone_constraints='()', n_estimators=100,
              n_jobs=-1, num_parallel_tree=1, objective='binary:logistic',
              predictor='auto', random_state=123, reg_alpha=0, ...), probability_threshold=None, encoded_labels=False, drift_report=False, raw_score=True, round=4, verbose=True, ml_usecase=MLUsecase.CLASSIFICATION, display=None, drift_kwargs=None)
2023-05-30 18:33:00,952:INFO:Checking exceptions
2023-05-30 18:33:00,952:INFO:Preloading libraries
2023-05-30 18:33:00,952:INFO:Preparing display monitor
2023-05-30 18:34:04,849:INFO:Initializing predict_model()
2023-05-30 18:34:04,849:INFO:predict_model(estimator=XGBClassifier(base_score=0.5, booster='gbtree', callbacks=None,
              colsample_bylevel=1, colsample_bynode=1, colsample_bytree=1,
              early_stopping_rounds=None, enable_categorical=False,
              eval_metric=None, gamma=0, gpu_id=-1, grow_policy='depthwise',
              importance_type=None, interaction_constraints='',
              learning_rate=0.300000012, max_bin=256, max_cat_to_onehot=4,
              max_delta_step=0, max_depth=6, max_leaves=0, min_child_weight=1,
              missing=nan, monotone_constraints='()', n_estimators=100,
              n_jobs=-1, num_parallel_tree=1, objective='binary:logistic',
              predictor='auto', random_state=123, reg_alpha=0, ...), probability_threshold=None, encoded_labels=False, drift_report=False, raw_score=True, round=4, verbose=True, ml_usecase=MLUsecase.CLASSIFICATION, display=None, drift_kwargs=None)
2023-05-30 18:34:04,849:INFO:Checking exceptions
2023-05-30 18:34:04,849:INFO:Preloading libraries
2023-05-30 18:34:04,849:INFO:Preparing display monitor
2023-05-31 17:49:16,981:INFO:PyCaret Supervised Module
2023-05-31 17:49:16,983:INFO:ML Usecase: classification
2023-05-31 17:49:16,983:INFO:version 2.3.10
2023-05-31 17:49:16,984:INFO:Initializing setup()
2023-05-31 17:49:16,986:INFO:setup(target=made_purchase, ml_usecase=classification, available_plots={'parameter': 'Hyperparameters', 'auc': 'AUC', 'confusion_matrix': 'Confusion Matrix', 'threshold': 'Threshold', 'pr': 'Precision Recall', 'error': 'Prediction Error', 'class_report': 'Class Report', 'rfe': 'Feature Selection', 'learning': 'Learning Curve', 'manifold': 'Manifold Learning', 'calibration': 'Calibration Curve', 'vc': 'Validation Curve', 'dimension': 'Dimensions', 'feature': 'Feature Importance', 'feature_all': 'Feature Importance (All)', 'boundary': 'Decision Boundary', 'lift': 'Lift Chart', 'gain': 'Gain Chart', 'tree': 'Decision Tree', 'ks': 'KS Statistic Plot'}, train_size=0.8, test_data=None, preprocess=True, imputation_type=simple, iterative_imputation_iters=5, categorical_features=None, categorical_imputation=constant, categorical_iterative_imputer=lightgbm, ordinal_features=None, high_cardinality_features=None, high_cardinality_method=frequency, numeric_features=None, numeric_imputation=mean, numeric_iterative_imputer=lightgbm, date_features=None, ignore_features=None, normalize=False, normalize_method=zscore, transformation=False, transformation_method=yeo-johnson, handle_unknown_categorical=True, unknown_categorical_method=least_frequent, pca=False, pca_method=linear, pca_components=None, ignore_low_variance=False, combine_rare_levels=False, rare_level_threshold=0.1, bin_numeric_features=None, remove_outliers=False, outliers_threshold=0.05, remove_multicollinearity=False, multicollinearity_threshold=0.9, remove_perfect_collinearity=True, create_clusters=False, cluster_iter=20, polynomial_features=False, polynomial_degree=2, trigonometry_features=False, polynomial_threshold=0.1, group_features=None, group_names=None, feature_selection=False, feature_selection_threshold=0.8, feature_selection_method=classic, feature_interaction=False, feature_ratio=False, interaction_threshold=0.01, fix_imbalance=False, fix_imbalance_method=None, transform_target=False, transform_target_method=box-cox, data_split_shuffle=True, data_split_stratify=False, fold_strategy=stratifiedkfold, fold=10, fold_shuffle=False, fold_groups=None, n_jobs=-1, use_gpu=False, custom_pipeline=None, html=True, session_id=123, log_experiment=False, experiment_name=None, experiment_custom_tags=None, log_plots=False, log_profile=False, log_data=False, silent=False, verbose=True, profile=False, profile_kwargs=None, display=None)
2023-05-31 17:49:16,987:INFO:Checking environment
2023-05-31 17:49:16,987:INFO:python_version: 3.7.1
2023-05-31 17:49:16,987:INFO:python_build: ('default', 'Dec 10 2018 22:54:23')
2023-05-31 17:49:16,988:INFO:machine: AMD64
2023-05-31 17:49:16,988:INFO:platform: Windows-10-10.0.22621-SP0
2023-05-31 17:49:16,991:INFO:Memory: svmem(total=34195693568, available=25489190912, percent=25.5, used=8706502656, free=25489190912)
2023-05-31 17:49:16,991:INFO:Physical Core: 6
2023-05-31 17:49:16,991:INFO:Logical Core: 12
2023-05-31 17:49:16,992:INFO:Checking libraries
2023-05-31 17:49:16,992:INFO:pd==1.1.5
2023-05-31 17:49:16,992:INFO:numpy==1.19.5
2023-05-31 17:49:16,992:INFO:sklearn==0.23.2
2023-05-31 17:49:16,993:INFO:lightgbm==3.3.5
2023-05-31 17:49:17,383:INFO:catboost==1.1.1
2023-05-31 17:49:17,383:INFO:xgboost==1.6.2
2023-05-31 17:49:17,383:INFO:mlflow==1.28.0
2023-05-31 17:49:17,383:INFO:Checking Exceptions
2023-05-31 17:49:17,383:INFO:Declaring global variables
2023-05-31 17:49:17,383:INFO:USI: f1cc
2023-05-31 17:49:17,383:INFO:pycaret_globals: {'X', 'fold_groups_param', 'imputation_regressor', 'y_train', '_gpu_n_jobs_param', 'y', 'data_before_preprocess', 'experiment__', 'seed', 'exp_name_log', 'target_param', 'iterative_imputation_iters_param', 'log_plots_param', '_ml_usecase', '_available_plots', 'fold_generator', 'master_model_container', 'stratify_param', 'pycaret_globals', 'fold_groups_param_full', '_all_models', 'create_model_container', 'fold_shuffle_param', 'gpu_param', 'X_train', 'prep_pipe', '_all_metrics', 'USI', '_internal_pipeline', 'fold_param', '_all_models_internal', 'transform_target_method_param', 'fix_imbalance_method_param', 'html_param', 'display_container', 'n_jobs_param', 'fix_imbalance_param', 'X_test', 'imputation_classifier', 'transform_target_param', 'dashboard_logger', 'logging_param', 'y_test'}
2023-05-31 17:49:17,383:INFO:Preparing display monitor
2023-05-31 17:49:17,383:INFO:Preparing display monitor
2023-05-31 17:49:17,400:INFO:Importing libraries
2023-05-31 17:49:17,400:INFO:Copying data for preprocessing
2023-05-31 17:49:17,413:INFO:Declaring preprocessing parameters
2023-05-31 17:49:17,416:INFO:Creating preprocessing pipeline
2023-05-31 17:49:17,432:INFO:Preprocessing pipeline created successfully
2023-05-31 17:49:17,432:ERROR:(Process Exit): setup has been interupted with user command 'quit'. setup must rerun.
2023-05-31 17:49:17,433:INFO:Creating global containers
2023-05-31 17:49:17,435:INFO:Internal pipeline: Pipeline(memory=None, steps=[('empty_step', 'passthrough')], verbose=False)
2023-05-31 17:49:21,805:INFO:Creating grid variables
2023-05-31 17:49:21,825:INFO:create_model_container: 0
2023-05-31 17:49:21,825:INFO:master_model_container: 0
2023-05-31 17:49:21,825:INFO:display_container: 1
2023-05-31 17:49:21,829:INFO:Pipeline(memory=None,
         steps=[('dtypes',
                 DataTypes_Auto_infer(categorical_features=[],
                                      display_types=True, features_todrop=[],
                                      id_columns=[],
                                      ml_usecase='classification',
                                      numerical_features=[],
                                      target='made_purchase',
                                      time_features=[])),
                ('imputer',
                 Simple_Imputer(categorical_strategy='not_available',
                                fill_value_categorical=None,
                                fill_value_numerical=None,
                                numeri...
                ('scaling', 'passthrough'), ('P_transform', 'passthrough'),
                ('binn', 'passthrough'), ('rem_outliers', 'passthrough'),
                ('cluster_all', 'passthrough'),
                ('dummy', Dummify(target='made_purchase')),
                ('fix_perfect', Remove_100(target='made_purchase')),
                ('clean_names', Clean_Colum_Names()),
                ('feature_select', 'passthrough'), ('fix_multi', 'passthrough'),
                ('dfs', 'passthrough'), ('pca', 'passthrough')],
         verbose=False)
2023-05-31 17:49:21,830:INFO:setup() succesfully completed......................................
2023-05-31 17:49:21,924:INFO:Initializing create_model()
2023-05-31 17:49:21,925:INFO:create_model(estimator=xgboost, fold=None, round=4, cross_validation=True, predict=True, fit_kwargs=None, groups=None, refit=True, verbose=True, system=True, metrics=None, experiment_custom_tags=None, add_to_model_list=True, probability_threshold=None, display=None, return_train_score=False, kwargs={})
2023-05-31 17:49:21,925:INFO:Checking exceptions
2023-05-31 17:49:21,925:INFO:Preparing display monitor
2023-05-31 17:49:21,942:INFO:Importing libraries
2023-05-31 17:49:21,943:INFO:Copying training dataset
2023-05-31 17:49:21,945:INFO:Defining folds
2023-05-31 17:49:21,946:INFO:Declaring metric variables
2023-05-31 17:49:21,955:INFO:Importing untrained model
2023-05-31 17:49:21,965:INFO:Extreme Gradient Boosting Imported succesfully
2023-05-31 17:49:21,985:INFO:Starting cross validation
2023-05-31 17:49:21,986:INFO:Cross validating with StratifiedKFold(n_splits=10, random_state=None, shuffle=False), n_jobs=-1
2023-05-31 17:49:47,065:INFO:Calculating mean and std
2023-05-31 17:49:47,065:INFO:Creating metrics dataframe
2023-05-31 17:49:47,068:INFO:Finalizing model
2023-05-31 17:49:49,335:INFO:Uploading results into container
2023-05-31 17:49:49,335:INFO:Uploading model into container now
2023-05-31 17:49:49,370:INFO:create_model_container: 1
2023-05-31 17:49:49,370:INFO:master_model_container: 1
2023-05-31 17:49:49,370:INFO:display_container: 2
2023-05-31 17:49:49,374:INFO:XGBClassifier(base_score=0.5, booster='gbtree', callbacks=None,
              colsample_bylevel=1, colsample_bynode=1, colsample_bytree=1,
              early_stopping_rounds=None, enable_categorical=False,
              eval_metric=None, gamma=0, gpu_id=-1, grow_policy='depthwise',
              importance_type=None, interaction_constraints='',
              learning_rate=0.300000012, max_bin=256, max_cat_to_onehot=4,
              max_delta_step=0, max_depth=6, max_leaves=0, min_child_weight=1,
              missing=nan, monotone_constraints='()', n_estimators=100,
              n_jobs=-1, num_parallel_tree=1, objective='binary:logistic',
              predictor='auto', random_state=123, reg_alpha=0, ...)
2023-05-31 17:49:49,374:INFO:create_model() succesfully completed......................................
2023-05-31 17:49:49,493:INFO:Initializing finalize_model()
2023-05-31 17:49:49,493:INFO:finalize_model(estimator=XGBClassifier(base_score=0.5, booster='gbtree', callbacks=None,
              colsample_bylevel=1, colsample_bynode=1, colsample_bytree=1,
              early_stopping_rounds=None, enable_categorical=False,
              eval_metric=None, gamma=0, gpu_id=-1, grow_policy='depthwise',
              importance_type=None, interaction_constraints='',
              learning_rate=0.300000012, max_bin=256, max_cat_to_onehot=4,
              max_delta_step=0, max_depth=6, max_leaves=0, min_child_weight=1,
              missing=nan, monotone_constraints='()', n_estimators=100,
              n_jobs=-1, num_parallel_tree=1, objective='binary:logistic',
              predictor='auto', random_state=123, reg_alpha=0, ...), fit_kwargs=None, groups=None, model_only=True, display=None, experiment_custom_tags=None, return_train_score=False)
2023-05-31 17:49:49,497:INFO:Finalizing XGBClassifier(base_score=0.5, booster='gbtree', callbacks=None,
              colsample_bylevel=1, colsample_bynode=1, colsample_bytree=1,
              early_stopping_rounds=None, enable_categorical=False,
              eval_metric=None, gamma=0, gpu_id=-1, grow_policy='depthwise',
              importance_type=None, interaction_constraints='',
              learning_rate=0.300000012, max_bin=256, max_cat_to_onehot=4,
              max_delta_step=0, max_depth=6, max_leaves=0, min_child_weight=1,
              missing=nan, monotone_constraints='()', n_estimators=100,
              n_jobs=-1, num_parallel_tree=1, objective='binary:logistic',
              predictor='auto', random_state=123, reg_alpha=0, ...)
2023-05-31 17:49:49,499:INFO:Initializing create_model()
2023-05-31 17:49:49,499:INFO:create_model(estimator=XGBClassifier(base_score=0.5, booster='gbtree', callbacks=None,
              colsample_bylevel=1, colsample_bynode=1, colsample_bytree=1,
              early_stopping_rounds=None, enable_categorical=False,
              eval_metric=None, gamma=0, gpu_id=-1, grow_policy='depthwise',
              importance_type=None, interaction_constraints='',
              learning_rate=0.300000012, max_bin=256, max_cat_to_onehot=4,
              max_delta_step=0, max_depth=6, max_leaves=0, min_child_weight=1,
              missing=nan, monotone_constraints='()', n_estimators=100,
              n_jobs=-1, num_parallel_tree=1, objective='binary:logistic',
              predictor='auto', random_state=123, reg_alpha=0, ...), fold=None, round=4, cross_validation=True, predict=True, fit_kwargs={}, groups=None, refit=True, verbose=False, system=False, metrics=None, experiment_custom_tags=None, add_to_model_list=False, probability_threshold=None, display=None, return_train_score=False, kwargs={})
2023-05-31 17:49:49,499:INFO:Checking exceptions
2023-05-31 17:49:49,500:INFO:Importing libraries
2023-05-31 17:49:49,500:INFO:Copying training dataset
2023-05-31 17:49:49,504:INFO:Defining folds
2023-05-31 17:49:49,504:INFO:Declaring metric variables
2023-05-31 17:49:49,504:INFO:Importing untrained model
2023-05-31 17:49:49,504:INFO:Declaring custom model
2023-05-31 17:49:49,507:INFO:Extreme Gradient Boosting Imported succesfully
2023-05-31 17:49:49,507:INFO:Starting cross validation
2023-05-31 17:49:49,508:INFO:Cross validating with StratifiedKFold(n_splits=10, random_state=None, shuffle=False), n_jobs=-1
2023-05-31 17:50:13,371:INFO:Calculating mean and std
2023-05-31 17:50:13,371:INFO:Creating metrics dataframe
2023-05-31 17:50:13,374:INFO:Finalizing model
2023-05-31 17:50:16,225:INFO:create_model_container: 1
2023-05-31 17:50:16,225:INFO:master_model_container: 1
2023-05-31 17:50:16,225:INFO:display_container: 3
2023-05-31 17:50:16,229:INFO:XGBClassifier(base_score=0.5, booster='gbtree', callbacks=None,
              colsample_bylevel=1, colsample_bynode=1, colsample_bytree=1,
              early_stopping_rounds=None, enable_categorical=False,
              eval_metric=None, gamma=0, gpu_id=-1, grow_policy='depthwise',
              importance_type=None, interaction_constraints='',
              learning_rate=0.300000012, max_bin=256, max_cat_to_onehot=4,
              max_delta_step=0, max_depth=6, max_leaves=0, min_child_weight=1,
              missing=nan, monotone_constraints='()', n_estimators=100,
              n_jobs=-1, num_parallel_tree=1, objective='binary:logistic',
              predictor='auto', random_state=123, reg_alpha=0, ...)
2023-05-31 17:50:16,229:INFO:create_model() succesfully completed......................................
2023-05-31 17:50:16,330:INFO:create_model_container: 1
2023-05-31 17:50:16,330:INFO:master_model_container: 1
2023-05-31 17:50:16,330:INFO:display_container: 2
2023-05-31 17:50:16,332:INFO:XGBClassifier(base_score=0.5, booster='gbtree', callbacks=None,
              colsample_bylevel=1, colsample_bynode=1, colsample_bytree=1,
              early_stopping_rounds=None, enable_categorical=False,
              eval_metric=None, gamma=0, gpu_id=-1, grow_policy='depthwise',
              importance_type=None, interaction_constraints='',
              learning_rate=0.300000012, max_bin=256, max_cat_to_onehot=4,
              max_delta_step=0, max_depth=6, max_leaves=0, min_child_weight=1,
              missing=nan, monotone_constraints='()', n_estimators=100,
              n_jobs=-1, num_parallel_tree=1, objective='binary:logistic',
              predictor='auto', random_state=123, reg_alpha=0, ...)
2023-05-31 17:50:16,332:INFO:finalize_model() succesfully completed......................................
2023-05-31 17:50:16,416:INFO:Initializing predict_model()
2023-05-31 17:50:16,417:INFO:predict_model(estimator=XGBClassifier(base_score=0.5, booster='gbtree', callbacks=None,
              colsample_bylevel=1, colsample_bynode=1, colsample_bytree=1,
              early_stopping_rounds=None, enable_categorical=False,
              eval_metric=None, gamma=0, gpu_id=-1, grow_policy='depthwise',
              importance_type=None, interaction_constraints='',
              learning_rate=0.300000012, max_bin=256, max_cat_to_onehot=4,
              max_delta_step=0, max_depth=6, max_leaves=0, min_child_weight=1,
              missing=nan, monotone_constraints='()', n_estimators=100,
              n_jobs=-1, num_parallel_tree=1, objective='binary:logistic',
              predictor='auto', random_state=123, reg_alpha=0, ...), probability_threshold=None, encoded_labels=False, drift_report=False, raw_score=True, round=4, verbose=True, ml_usecase=MLUsecase.CLASSIFICATION, display=None, drift_kwargs=None)
2023-05-31 17:50:16,417:INFO:Checking exceptions
2023-05-31 17:50:16,417:INFO:Preloading libraries
2023-05-31 17:50:16,417:INFO:Preparing display monitor
2023-05-31 17:53:45,295:INFO:Initializing save_model()
2023-05-31 17:53:45,295:INFO:save_model(model=XGBClassifier(base_score=0.5, booster='gbtree', callbacks=None,
              colsample_bylevel=1, colsample_bynode=1, colsample_bytree=1,
              early_stopping_rounds=None, enable_categorical=False,
              eval_metric=None, gamma=0, gpu_id=-1, grow_policy='depthwise',
              importance_type=None, interaction_constraints='',
              learning_rate=0.300000012, max_bin=256, max_cat_to_onehot=4,
              max_delta_step=0, max_depth=6, max_leaves=0, min_child_weight=1,
              missing=nan, monotone_constraints='()', n_estimators=100,
              n_jobs=-1, num_parallel_tree=1, objective='binary:logistic',
              predictor='auto', random_state=123, reg_alpha=0, ...), model_name=00_jumpstart/models/xgb_model_finalized, prep_pipe_=Pipeline(memory=None,
         steps=[('dtypes',
                 DataTypes_Auto_infer(categorical_features=[],
                                      display_types=True, features_todrop=[],
                                      id_columns=[],
                                      ml_usecase='classification',
                                      numerical_features=[],
                                      target='made_purchase',
                                      time_features=[])),
                ('imputer',
                 Simple_Imputer(categorical_strategy='not_available',
                                fill_value_categorical=None,
                                fill_value_numerical=None,
                                numeri...
                ('scaling', 'passthrough'), ('P_transform', 'passthrough'),
                ('binn', 'passthrough'), ('rem_outliers', 'passthrough'),
                ('cluster_all', 'passthrough'),
                ('dummy', Dummify(target='made_purchase')),
                ('fix_perfect', Remove_100(target='made_purchase')),
                ('clean_names', Clean_Colum_Names()),
                ('feature_select', 'passthrough'), ('fix_multi', 'passthrough'),
                ('dfs', 'passthrough'), ('pca', 'passthrough')],
         verbose=False), verbose=True, kwargs={})
2023-05-31 17:53:45,296:INFO:Adding model into prep_pipe
2023-05-31 17:53:45,314:INFO:00_jumpstart/models/xgb_model_finalized.pkl saved in current working directory
2023-05-31 17:53:45,335:INFO:Pipeline(memory=None,
         steps=[('dtypes',
                 DataTypes_Auto_infer(categorical_features=[],
                                      display_types=True, features_todrop=[],
                                      id_columns=[],
                                      ml_usecase='classification',
                                      numerical_features=[],
                                      target='made_purchase',
                                      time_features=[])),
                ('imputer',
                 Simple_Imputer(categorical_strategy='not_available',
                                fill_value_categorical=None,
                                fill_value_numerical=None,
                                numeri...
                               gamma=0, gpu_id=-1, grow_policy='depthwise',
                               importance_type=None, interaction_constraints='',
                               learning_rate=0.300000012, max_bin=256,
                               max_cat_to_onehot=4, max_delta_step=0,
                               max_depth=6, max_leaves=0, min_child_weight=1,
                               missing=nan, monotone_constraints='()',
                               n_estimators=100, n_jobs=-1, num_parallel_tree=1,
                               objective='binary:logistic', predictor='auto',
                               random_state=123, reg_alpha=0, ...)]],
         verbose=False)
2023-05-31 17:53:45,335:INFO:save_model() successfully completed......................................
2023-05-31 17:55:00,043:INFO:Initializing load_model()
2023-05-31 17:55:00,043:INFO:load_model(model_name=00_jumpstart/models/xgb_model_finalized, platform=None, authentication=None, verbose=True)
2023-05-31 18:02:08,568:INFO:Initializing load_model()
2023-05-31 18:02:08,570:INFO:load_model(model_name=00_jumpstart/models/xgb_model_finalized, platform=None, authentication=None, verbose=True)
2023-06-02 07:25:08,926:INFO:Initializing load_model()
2023-06-02 07:25:08,927:INFO:load_model(model_name=00_jumpstart/models/xgb_model_finalized, platform=None, authentication=None, verbose=True)
2023-06-02 07:31:30,420:INFO:Initializing load_model()
2023-06-02 07:31:30,421:INFO:load_model(model_name=00_jumpstart/models/xgb_model_finalized, platform=None, authentication=None, verbose=True)
2023-06-02 07:32:43,662:INFO:Initializing load_model()
2023-06-02 07:32:43,662:INFO:load_model(model_name=00_jumpstart/models/xgb_model_finalized, platform=None, authentication=None, verbose=True)
2023-06-02 07:35:18,686:INFO:Initializing load_model()
2023-06-02 07:35:18,686:INFO:load_model(model_name=00_jumpstart/models/xgb_model_finalized, platform=None, authentication=None, verbose=True)
2023-06-02 07:37:43,309:INFO:Initializing load_model()
2023-06-02 07:37:43,310:INFO:load_model(model_name=00_jumpstart/models/xgb_model_finalized, platform=None, authentication=None, verbose=True)
2023-06-02 07:42:37,733:INFO:Initializing predict_model()
2023-06-02 07:42:37,734:INFO:predict_model(estimator=Pipeline(steps=[('dtypes',
                 DataTypes_Auto_infer(ml_usecase='classification',
                                      target='made_purchase')),
                ('imputer',
                 Simple_Imputer(categorical_strategy='not_available',
                                fill_value_categorical=None,
                                fill_value_numerical=None,
                                numeric_strategy='mean',
                                target_variable=None)),
                ('new_levels1',
                 New_Catagorical_Levels_in_TestData(replacement_strategy='least '
                                                                         'frequen...
                               gamma=0, gpu_id=-1, grow_policy='depthwise',
                               importance_type=None, interaction_constraints='',
                               learning_rate=0.300000012, max_bin=256,
                               max_cat_to_onehot=4, max_delta_step=0,
                               max_depth=6, max_leaves=0, min_child_weight=1,
                               missing=nan, monotone_constraints='()',
                               n_estimators=100, n_jobs=-1, num_parallel_tree=1,
                               predictor='auto', random_state=123, reg_alpha=0,
                               reg_lambda=1, ...)]]), probability_threshold=None, encoded_labels=False, drift_report=False, raw_score=True, round=4, verbose=True, ml_usecase=MLUsecase.CLASSIFICATION, display=None, drift_kwargs=None)
2023-06-02 07:42:37,734:INFO:Checking exceptions
2023-06-02 07:42:37,734:INFO:Preloading libraries
2023-06-02 07:42:52,210:INFO:Initializing predict_model()
2023-06-02 07:42:52,210:INFO:predict_model(estimator=Pipeline(steps=[('dtypes',
                 DataTypes_Auto_infer(ml_usecase='classification',
                                      target='made_purchase')),
                ('imputer',
                 Simple_Imputer(categorical_strategy='not_available',
                                fill_value_categorical=None,
                                fill_value_numerical=None,
                                numeric_strategy='mean',
                                target_variable=None)),
                ('new_levels1',
                 New_Catagorical_Levels_in_TestData(replacement_strategy='least '
                                                                         'frequen...
                               gamma=0, gpu_id=-1, grow_policy='depthwise',
                               importance_type=None, interaction_constraints='',
                               learning_rate=0.300000012, max_bin=256,
                               max_cat_to_onehot=4, max_delta_step=0,
                               max_depth=6, max_leaves=0, min_child_weight=1,
                               missing=nan, monotone_constraints='()',
                               n_estimators=100, n_jobs=-1, num_parallel_tree=1,
                               predictor='auto', random_state=123, reg_alpha=0,
                               reg_lambda=1, ...)]]), probability_threshold=None, encoded_labels=False, drift_report=False, raw_score=True, round=4, verbose=True, ml_usecase=MLUsecase.CLASSIFICATION, display=None, drift_kwargs=None)
2023-06-02 07:42:52,210:INFO:Checking exceptions
2023-06-02 07:42:52,210:INFO:Preloading libraries
2023-06-02 07:45:31,475:INFO:Initializing load_model()
2023-06-02 07:45:31,476:INFO:load_model(model_name=00_jumpstart/models/xgb_model_finalized, platform=None, authentication=None, verbose=True)
2023-06-02 07:46:08,747:INFO:Initializing predict_model()
2023-06-02 07:46:08,747:INFO:predict_model(estimator=Pipeline(steps=[('dtypes',
                 DataTypes_Auto_infer(ml_usecase='classification',
                                      target='made_purchase')),
                ('imputer',
                 Simple_Imputer(categorical_strategy='not_available',
                                fill_value_categorical=None,
                                fill_value_numerical=None,
                                numeric_strategy='mean',
                                target_variable=None)),
                ('new_levels1',
                 New_Catagorical_Levels_in_TestData(replacement_strategy='least '
                                                                         'frequen...
                               gamma=0, gpu_id=-1, grow_policy='depthwise',
                               importance_type=None, interaction_constraints='',
                               learning_rate=0.300000012, max_bin=256,
                               max_cat_to_onehot=4, max_delta_step=0,
                               max_depth=6, max_leaves=0, min_child_weight=1,
                               missing=nan, monotone_constraints='()',
                               n_estimators=100, n_jobs=-1, num_parallel_tree=1,
                               predictor='auto', random_state=123, reg_alpha=0,
                               reg_lambda=1, ...)]]), probability_threshold=None, encoded_labels=False, drift_report=False, raw_score=True, round=4, verbose=True, ml_usecase=MLUsecase.CLASSIFICATION, display=None, drift_kwargs=None)
2023-06-02 07:46:08,747:INFO:Checking exceptions
2023-06-02 07:46:08,747:INFO:Preloading libraries
2023-06-02 07:49:38,772:INFO:Initializing load_model()
2023-06-02 07:49:38,772:INFO:load_model(model_name=00_jumpstart/models/xgb_model_finalized, platform=None, authentication=None, verbose=True)
2023-06-02 07:50:19,329:INFO:Initializing load_model()
2023-06-02 07:50:19,329:INFO:load_model(model_name=00_jumpstart/models/xgb_model_finalized, platform=None, authentication=None, verbose=True)
2023-06-02 07:50:58,540:INFO:Initializing predict_model()
2023-06-02 07:50:58,540:INFO:predict_model(estimator=Pipeline(steps=[('dtypes',
                 DataTypes_Auto_infer(ml_usecase='classification',
                                      target='made_purchase')),
                ('imputer',
                 Simple_Imputer(categorical_strategy='not_available',
                                fill_value_categorical=None,
                                fill_value_numerical=None,
                                numeric_strategy='mean',
                                target_variable=None)),
                ('new_levels1',
                 New_Catagorical_Levels_in_TestData(replacement_strategy='least '
                                                                         'frequen...
                               gamma=0, gpu_id=-1, grow_policy='depthwise',
                               importance_type=None, interaction_constraints='',
                               learning_rate=0.300000012, max_bin=256,
                               max_cat_to_onehot=4, max_delta_step=0,
                               max_depth=6, max_leaves=0, min_child_weight=1,
                               missing=nan, monotone_constraints='()',
                               n_estimators=100, n_jobs=-1, num_parallel_tree=1,
                               predictor='auto', random_state=123, reg_alpha=0,
                               reg_lambda=1, ...)]]), probability_threshold=None, encoded_labels=False, drift_report=False, raw_score=True, round=4, verbose=True, ml_usecase=MLUsecase.CLASSIFICATION, display=None, drift_kwargs=None)
2023-06-02 07:50:58,540:INFO:Checking exceptions
2023-06-02 07:50:58,540:INFO:Preloading libraries
2023-07-05 08:01:18,935:INFO:PyCaret Supervised Module
2023-07-05 08:01:18,938:INFO:ML Usecase: classification
2023-07-05 08:01:18,939:INFO:version 2.3.10
2023-07-05 08:01:18,939:INFO:Initializing setup()
2023-07-05 08:01:18,940:INFO:setup(target=made_purchase, ml_usecase=classification, available_plots={'parameter': 'Hyperparameters', 'auc': 'AUC', 'confusion_matrix': 'Confusion Matrix', 'threshold': 'Threshold', 'pr': 'Precision Recall', 'error': 'Prediction Error', 'class_report': 'Class Report', 'rfe': 'Feature Selection', 'learning': 'Learning Curve', 'manifold': 'Manifold Learning', 'calibration': 'Calibration Curve', 'vc': 'Validation Curve', 'dimension': 'Dimensions', 'feature': 'Feature Importance', 'feature_all': 'Feature Importance (All)', 'boundary': 'Decision Boundary', 'lift': 'Lift Chart', 'gain': 'Gain Chart', 'tree': 'Decision Tree', 'ks': 'KS Statistic Plot'}, train_size=0.8, test_data=None, preprocess=True, imputation_type=simple, iterative_imputation_iters=5, categorical_features=['country_code'], categorical_imputation=constant, categorical_iterative_imputer=lightgbm, ordinal_features={'member_rating': ['1', '2', '3', '4', '5']}, high_cardinality_features=None, high_cardinality_method=frequency, numeric_features=['tag_count', 'tag_count_by_optin_day', 'tag_aws_webinar', 'tag_learning_lab', 'tag_learning_lab_05', 'tag_learning_lab_09', 'tag_learning_lab_11', 'tag_learning_lab_12', 'tag_learning_lab_13', 'tag_learning_lab_14', 'tag_learning_lab_15', 'tag_learning_lab_16', 'tag_learning_lab_17', 'tag_learning_lab_18', 'tag_learning_lab_19', 'tag_learning_lab_20', 'tag_learning_lab_21', 'tag_learning_lab_22', 'tag_learning_lab_23', 'tag_learning_lab_24', 'tag_learning_lab_25', 'tag_learning_lab_26', 'tag_learning_lab_27', 'tag_learning_lab_28', 'tag_learning_lab_29', 'tag_learning_lab_30', 'tag_learning_lab_31', 'tag_learning_lab_32', 'tag_learning_lab_33', 'tag_learning_lab_34', 'tag_learning_lab_35', 'tag_learning_lab_36', 'tag_learning_lab_37', 'tag_learning_lab_38', 'tag_learning_lab_39', 'tag_learning_lab_40', 'tag_learning_lab_41', 'tag_learning_lab_42', 'tag_learning_lab_43', 'tag_learning_lab_44', 'tag_learning_lab_45', 'tag_learning_lab_46', 'tag_learning_lab_47', 'tag_time_series_webinar', 'tag_webinar', 'tag_webinar_01', 'tag_webinar_no_degree', 'tag_webinar_no_degree_02', 'optin_days'], numeric_imputation=mean, numeric_iterative_imputer=lightgbm, date_features=None, ignore_features=None, normalize=False, normalize_method=zscore, transformation=False, transformation_method=yeo-johnson, handle_unknown_categorical=True, unknown_categorical_method=least_frequent, pca=False, pca_method=linear, pca_components=None, ignore_low_variance=False, combine_rare_levels=True, rare_level_threshold=0.005, bin_numeric_features=None, remove_outliers=False, outliers_threshold=0.05, remove_multicollinearity=False, multicollinearity_threshold=0.9, remove_perfect_collinearity=True, create_clusters=False, cluster_iter=20, polynomial_features=False, polynomial_degree=2, trigonometry_features=False, polynomial_threshold=0.1, group_features=None, group_names=None, feature_selection=False, feature_selection_threshold=0.8, feature_selection_method=classic, feature_interaction=False, feature_ratio=False, interaction_threshold=0.01, fix_imbalance=False, fix_imbalance_method=None, transform_target=False, transform_target_method=box-cox, data_split_shuffle=True, data_split_stratify=False, fold_strategy=stratifiedkfold, fold=5, fold_shuffle=False, fold_groups=None, n_jobs=-1, use_gpu=True, custom_pipeline=None, html=True, session_id=123, log_experiment=True, experiment_name=email_lead_scoring_0, experiment_custom_tags=None, log_plots=False, log_profile=False, log_data=False, silent=False, verbose=True, profile=False, profile_kwargs=None, display=None)
2023-07-05 08:01:18,941:INFO:Checking environment
2023-07-05 08:01:18,941:INFO:python_version: 3.7.1
2023-07-05 08:01:18,941:INFO:python_build: ('default', 'Dec 10 2018 22:54:23')
2023-07-05 08:01:18,942:INFO:machine: AMD64
2023-07-05 08:01:18,942:INFO:platform: Windows-10-10.0.22621-SP0
2023-07-05 08:01:18,946:INFO:Memory: svmem(total=34195693568, available=24533393408, percent=28.3, used=9662300160, free=24533393408)
2023-07-05 08:01:18,946:INFO:Physical Core: 6
2023-07-05 08:01:18,946:INFO:Logical Core: 12
2023-07-05 08:01:18,947:INFO:Checking libraries
2023-07-05 08:01:18,947:INFO:pd==1.1.5
2023-07-05 08:01:18,947:INFO:numpy==1.19.5
2023-07-05 08:01:18,947:INFO:sklearn==0.23.2
2023-07-05 08:01:18,947:INFO:lightgbm==3.3.5
2023-07-05 08:01:19,275:INFO:catboost==1.1.1
2023-07-05 08:01:19,275:INFO:xgboost==1.6.2
2023-07-05 08:01:19,275:INFO:mlflow==1.28.0
2023-07-05 08:01:19,275:INFO:Checking Exceptions
2023-07-05 08:01:19,276:INFO:Declaring global variables
2023-07-05 08:01:19,276:INFO:USI: a9d7
2023-07-05 08:01:19,277:INFO:pycaret_globals: {'create_model_container', 'dashboard_logger', 'transform_target_method_param', 'gpu_param', 'fold_generator', '_ml_usecase', 'USI', '_internal_pipeline', 'X_test', 'X_train', 'transform_target_param', '_all_metrics', 'y_train', 'stratify_param', 'fold_param', 'imputation_classifier', 'fix_imbalance_param', '_all_models_internal', '_all_models', 'data_before_preprocess', 'n_jobs_param', 'iterative_imputation_iters_param', 'fix_imbalance_method_param', 'X', '_gpu_n_jobs_param', '_available_plots', 'fold_groups_param', 'y', 'pycaret_globals', 'fold_groups_param_full', 'y_test', 'log_plots_param', 'target_param', 'display_container', 'logging_param', 'html_param', 'master_model_container', 'imputation_regressor', 'experiment__', 'fold_shuffle_param', 'seed', 'exp_name_log', 'prep_pipe'}
2023-07-05 08:01:19,277:INFO:Preparing display monitor
2023-07-05 08:01:19,277:INFO:Preparing display monitor
2023-07-05 08:01:19,292:INFO:Importing libraries
2023-07-05 08:01:19,293:INFO:Copying data for preprocessing
2023-07-05 08:01:19,305:INFO:Declaring preprocessing parameters
2023-07-05 08:01:19,306:WARNING:cuML not found
2023-07-05 08:01:19,306:WARNING:cuML is outdated or not found. Required version is >=0.15, got 1.6.2
2023-07-05 08:01:19,312:INFO:Creating preprocessing pipeline
2023-07-05 08:01:19,326:INFO:Preprocessing pipeline created successfully
2023-07-05 08:01:19,326:ERROR:(Process Exit): setup has been interupted with user command 'quit'. setup must rerun.
2023-07-05 08:01:19,327:INFO:Creating global containers
2023-07-05 08:01:19,329:INFO:Internal pipeline: Pipeline(memory=None, steps=[('empty_step', 'passthrough')], verbose=False)
